2021-07-28 15:08:44,779 - root - INFO - Train Dataset Load          Store  DayOfWeek       Date  Sales  Customers  Open  Promo  \
0            1          5 2015-07-31   5263        555     1      1   
1            2          5 2015-07-31   6064        625     1      1   
2            3          5 2015-07-31   8314        821     1      1   
3            4          5 2015-07-31  13995       1498     1      1   
4            5          5 2015-07-31   4822        559     1      1   
...        ...        ...        ...    ...        ...   ...    ...   
1017204   1111          2 2013-01-01      0          0     0      0   
1017205   1112          2 2013-01-01      0          0     0      0   
1017206   1113          2 2013-01-01      0          0     0      0   
1017207   1114          2 2013-01-01      0          0     0      0   
1017208   1115          2 2013-01-01      0          0     0      0   

        StateHoliday  SchoolHoliday  
0                  0              1  
1                  0              1  
2                  0              1  
3                  0              1  
4                  0              1  
...              ...            ...  
1017204            a              1  
1017205            a              1  
1017206            a              1  
1017207            a              1  
1017208            a              1  

[1017209 rows x 9 columns]
2021-07-28 15:10:01,633 - root - INFO - Train Dataset Load          Store  DayOfWeek       Date  Sales  Customers  Open  Promo  \
0            1          5 2015-07-31   5263        555     1      1   
1            2          5 2015-07-31   6064        625     1      1   
2            3          5 2015-07-31   8314        821     1      1   
3            4          5 2015-07-31  13995       1498     1      1   
4            5          5 2015-07-31   4822        559     1      1   
...        ...        ...        ...    ...        ...   ...    ...   
1017204   1111          2 2013-01-01      0          0     0      0   
1017205   1112          2 2013-01-01      0          0     0      0   
1017206   1113          2 2013-01-01      0          0     0      0   
1017207   1114          2 2013-01-01      0          0     0      0   
1017208   1115          2 2013-01-01      0          0     0      0   

        StateHoliday  SchoolHoliday  
0                  0              1  
1                  0              1  
2                  0              1  
3                  0              1  
4                  0              1  
...              ...            ...  
1017204            a              1  
1017205            a              1  
1017206            a              1  
1017207            a              1  
1017208            a              1  

[1017209 rows x 9 columns]
2021-07-28 15:10:01,646 - root - INFO - Test Dataset Load           Id  Store  DayOfWeek       Date  Open  Promo StateHoliday  \
0          1      1          4 2015-09-17   1.0      1            0   
1          2      3          4 2015-09-17   1.0      1            0   
2          3      7          4 2015-09-17   1.0      1            0   
3          4      8          4 2015-09-17   1.0      1            0   
4          5      9          4 2015-09-17   1.0      1            0   
...      ...    ...        ...        ...   ...    ...          ...   
41083  41084   1111          6 2015-08-01   1.0      0            0   
41084  41085   1112          6 2015-08-01   1.0      0            0   
41085  41086   1113          6 2015-08-01   1.0      0            0   
41086  41087   1114          6 2015-08-01   1.0      0            0   
41087  41088   1115          6 2015-08-01   1.0      0            0   

       SchoolHoliday  
0                  0  
1                  0  
2                  0  
3                  0  
4                  0  
...              ...  
41083              0  
41084              0  
41085              0  
41086              0  
41087              1  

[41088 rows x 8 columns]
2021-07-28 15:10:01,661 - root - INFO - Store Dataset Load       Store StoreType Assortment  CompetitionDistance  \
0         1         c          a               1270.0   
1         2         a          a                570.0   
2         3         a          a              14130.0   
3         4         c          c                620.0   
4         5         a          a              29910.0   
...     ...       ...        ...                  ...   
1110   1111         a          a               1900.0   
1111   1112         c          c               1880.0   
1112   1113         a          c               9260.0   
1113   1114         a          c                870.0   
1114   1115         d          c               5350.0   

      CompetitionOpenSinceMonth  CompetitionOpenSinceYear  Promo2  \
0                           9.0                    2008.0       0   
1                          11.0                    2007.0       1   
2                          12.0                    2006.0       1   
3                           9.0                    2009.0       0   
4                           4.0                    2015.0       0   
...                         ...                       ...     ...   
1110                        6.0                    2014.0       1   
1111                        4.0                    2006.0       0   
1112                        NaN                       NaN       0   
1113                        NaN                       NaN       0   
1114                        NaN                       NaN       1   

      Promo2SinceWeek  Promo2SinceYear     PromoInterval  
0                 NaN              NaN               NaN  
1                13.0           2010.0   Jan,Apr,Jul,Oct  
2                14.0           2011.0   Jan,Apr,Jul,Oct  
3                 NaN              NaN               NaN  
4                 NaN              NaN               NaN  
...               ...              ...               ...  
1110             31.0           2013.0   Jan,Apr,Jul,Oct  
1111              NaN              NaN               NaN  
1112              NaN              NaN               NaN  
1113              NaN              NaN               NaN  
1114             22.0           2012.0  Mar,Jun,Sept,Dec  

[1115 rows x 10 columns]
2021-07-28 15:10:52,333 - root - INFO - Train Dataset Loaded
2021-07-28 15:10:52,335 - root - INFO - Test Dataset Loaded
2021-07-28 15:10:52,336 - root - INFO - Store Dataset Loaded
2021-07-28 15:11:43,064 - root - INFO - Train Dataset Loaded
2021-07-28 15:11:43,065 - root - INFO - Test Dataset Loaded
2021-07-28 15:11:43,068 - root - INFO - Store Dataset Loaded
2021-07-28 15:14:09,073 - root - INFO - Index(['Store', 'DayOfWeek', 'Date', 'Sales', 'Customers', 'Open', 'Promo',
       'StateHoliday', 'SchoolHoliday'],
      dtype='object')
2021-07-28 15:14:11,301 - root - INFO - Index(['Id', 'Store', 'DayOfWeek', 'Date', 'Open', 'Promo', 'StateHoliday',
       'SchoolHoliday'],
      dtype='object')
2021-07-28 16:49:10,958 - matplotlib.axes._base - DEBUG - top of axes not in the figure, so title not moved
2021-07-28 16:49:11,008 - matplotlib.axes._base - DEBUG - top of axes not in the figure, so title not moved
2021-07-28 16:49:11,073 - matplotlib.axes._base - DEBUG - top of axes not in the figure, so title not moved
2021-07-28 16:49:11,089 - matplotlib.axes._base - DEBUG - top of axes not in the figure, so title not moved
2021-07-28 16:49:11,115 - matplotlib.axes._base - DEBUG - top of axes not in the figure, so title not moved
2021-07-28 16:49:11,144 - matplotlib.axes._base - DEBUG - top of axes not in the figure, so title not moved
2021-07-28 16:49:11,252 - matplotlib.axes._base - DEBUG - top of axes not in the figure, so title not moved
2021-07-28 16:49:11,262 - matplotlib.axes._base - DEBUG - top of axes not in the figure, so title not moved
2021-07-28 16:49:11,277 - matplotlib.axes._base - DEBUG - top of axes not in the figure, so title not moved
2021-07-28 16:49:11,295 - matplotlib.axes._base - DEBUG - top of axes not in the figure, so title not moved
2021-07-28 16:49:11,311 - matplotlib.axes._base - DEBUG - top of axes not in the figure, so title not moved
2021-07-28 16:49:11,323 - matplotlib.axes._base - DEBUG - top of axes not in the figure, so title not moved
2021-07-28 16:49:17,519 - matplotlib.axes._base - DEBUG - top of axes not in the figure, so title not moved
2021-07-28 16:49:17,525 - matplotlib.axes._base - DEBUG - top of axes not in the figure, so title not moved
2021-07-28 16:49:17,667 - matplotlib.axes._base - DEBUG - top of axes not in the figure, so title not moved
2021-07-28 16:49:17,674 - matplotlib.axes._base - DEBUG - top of axes not in the figure, so title not moved
2021-07-28 16:49:17,700 - matplotlib.axes._base - DEBUG - top of axes not in the figure, so title not moved
2021-07-28 16:49:17,718 - matplotlib.axes._base - DEBUG - top of axes not in the figure, so title not moved
2021-07-28 16:49:17,719 - matplotlib.axes._base - DEBUG - top of axes not in the figure, so title not moved
2021-07-28 16:49:17,819 - matplotlib.axes._base - DEBUG - top of axes not in the figure, so title not moved
2021-07-28 16:49:18,034 - matplotlib.axes._base - DEBUG - top of axes not in the figure, so title not moved
2021-07-28 16:49:18,045 - matplotlib.axes._base - DEBUG - top of axes not in the figure, so title not moved
2021-07-28 16:49:18,151 - matplotlib.axes._base - DEBUG - top of axes not in the figure, so title not moved
2021-07-28 16:49:18,158 - matplotlib.axes._base - DEBUG - top of axes not in the figure, so title not moved
2021-07-28 16:49:18,169 - matplotlib.axes._base - DEBUG - top of axes not in the figure, so title not moved
2021-07-28 16:49:18,189 - matplotlib.axes._base - DEBUG - top of axes not in the figure, so title not moved
2021-07-28 16:49:18,198 - matplotlib.axes._base - DEBUG - top of axes not in the figure, so title not moved
2021-07-28 16:49:18,259 - matplotlib.axes._base - DEBUG - top of axes not in the figure, so title not moved
2021-07-28 16:49:18,417 - matplotlib.axes._base - DEBUG - top of axes not in the figure, so title not moved
2021-07-28 16:49:18,421 - matplotlib.axes._base - DEBUG - top of axes not in the figure, so title not moved
2021-07-28 16:49:18,501 - matplotlib.axes._base - DEBUG - top of axes not in the figure, so title not moved
2021-07-28 16:49:18,517 - matplotlib.axes._base - DEBUG - top of axes not in the figure, so title not moved
2021-07-28 16:49:18,550 - matplotlib.axes._base - DEBUG - top of axes not in the figure, so title not moved
2021-07-28 16:49:18,554 - matplotlib.axes._base - DEBUG - top of axes not in the figure, so title not moved
2021-07-28 16:49:18,668 - matplotlib.axes._base - DEBUG - top of axes not in the figure, so title not moved
2021-07-28 16:49:18,826 - matplotlib.axes._base - DEBUG - top of axes not in the figure, so title not moved
2021-07-28 16:49:19,033 - matplotlib.axes._base - DEBUG - top of axes not in the figure, so title not moved
2021-07-28 16:49:19,048 - matplotlib.axes._base - DEBUG - top of axes not in the figure, so title not moved
2021-07-28 16:49:19,062 - matplotlib.axes._base - DEBUG - top of axes not in the figure, so title not moved
2021-07-28 16:49:19,077 - matplotlib.axes._base - DEBUG - top of axes not in the figure, so title not moved
2021-07-28 16:49:19,081 - matplotlib.axes._base - DEBUG - top of axes not in the figure, so title not moved
2021-07-28 16:49:19,102 - matplotlib.axes._base - DEBUG - top of axes not in the figure, so title not moved
2021-07-28 16:49:19,173 - matplotlib.axes._base - DEBUG - top of axes not in the figure, so title not moved
2021-07-28 16:49:19,301 - matplotlib.axes._base - DEBUG - top of axes not in the figure, so title not moved
2021-07-28 16:49:20,217 - matplotlib.axes._base - DEBUG - top of axes not in the figure, so title not moved
2021-07-28 16:49:20,231 - matplotlib.axes._base - DEBUG - top of axes not in the figure, so title not moved
2021-07-28 16:49:20,249 - matplotlib.axes._base - DEBUG - top of axes not in the figure, so title not moved
2021-07-28 16:49:20,265 - matplotlib.axes._base - DEBUG - top of axes not in the figure, so title not moved
2021-07-28 16:49:20,274 - matplotlib.axes._base - DEBUG - top of axes not in the figure, so title not moved
2021-07-28 16:49:20,284 - matplotlib.axes._base - DEBUG - top of axes not in the figure, so title not moved
2021-07-28 16:49:20,371 - matplotlib.axes._base - DEBUG - top of axes not in the figure, so title not moved
2021-07-28 16:49:20,493 - matplotlib.axes._base - DEBUG - top of axes not in the figure, so title not moved
2021-07-28 16:49:20,755 - matplotlib.axes._base - DEBUG - top of axes not in the figure, so title not moved
2021-07-28 16:49:20,785 - matplotlib.axes._base - DEBUG - top of axes not in the figure, so title not moved
2021-07-28 16:49:22,563 - matplotlib.axes._base - DEBUG - top of axes not in the figure, so title not moved
2021-07-28 16:49:24,217 - matplotlib.axes._base - DEBUG - top of axes not in the figure, so title not moved
2021-07-28 16:49:25,912 - matplotlib.axes._base - DEBUG - top of axes not in the figure, so title not moved
2021-07-28 16:49:25,919 - matplotlib.axes._base - DEBUG - top of axes not in the figure, so title not moved
2021-07-28 16:49:31,016 - matplotlib.axes._base - DEBUG - top of axes not in the figure, so title not moved
2021-07-28 16:49:31,395 - matplotlib.axes._base - DEBUG - top of axes not in the figure, so title not moved
2021-07-28 18:32:04,267 - matplotlib.axes._base - DEBUG - top of axes not in the figure, so title not moved
2021-07-28 18:32:04,314 - matplotlib.axes._base - DEBUG - top of axes not in the figure, so title not moved
2021-07-28 18:32:05,821 - matplotlib.axes._base - DEBUG - top of axes not in the figure, so title not moved
2021-07-28 18:32:05,867 - matplotlib.axes._base - DEBUG - top of axes not in the figure, so title not moved
2021-07-28 18:32:05,945 - matplotlib.axes._base - DEBUG - top of axes not in the figure, so title not moved
2021-07-28 18:32:05,983 - matplotlib.axes._base - DEBUG - top of axes not in the figure, so title not moved
2021-07-28 18:32:06,137 - matplotlib.axes._base - DEBUG - top of axes not in the figure, so title not moved
2021-07-28 18:32:06,157 - matplotlib.axes._base - DEBUG - top of axes not in the figure, so title not moved
2021-07-28 18:32:06,290 - matplotlib.axes._base - DEBUG - top of axes not in the figure, so title not moved
2021-07-28 18:32:06,342 - matplotlib.axes._base - DEBUG - top of axes not in the figure, so title not moved
2021-07-28 18:33:18,686 - matplotlib.axes._base - DEBUG - top of axes not in the figure, so title not moved
2021-07-28 18:33:18,695 - matplotlib.axes._base - DEBUG - top of axes not in the figure, so title not moved
2021-07-28 18:33:19,018 - matplotlib.axes._base - DEBUG - top of axes not in the figure, so title not moved
2021-07-28 18:33:19,050 - matplotlib.axes._base - DEBUG - top of axes not in the figure, so title not moved
2021-07-28 18:33:19,124 - matplotlib.axes._base - DEBUG - top of axes not in the figure, so title not moved
2021-07-28 18:33:19,159 - matplotlib.axes._base - DEBUG - top of axes not in the figure, so title not moved
2021-07-28 18:33:19,329 - matplotlib.axes._base - DEBUG - top of axes not in the figure, so title not moved
2021-07-28 18:33:19,349 - matplotlib.axes._base - DEBUG - top of axes not in the figure, so title not moved
2021-07-28 18:33:19,484 - matplotlib.axes._base - DEBUG - top of axes not in the figure, so title not moved
2021-07-28 18:33:19,534 - matplotlib.axes._base - DEBUG - top of axes not in the figure, so title not moved
2021-07-29 07:23:48,162 - root - INFO - Before, (1017209, 23), (41088, 20)
2021-07-29 07:23:48,576 - root - INFO - After, (1017209, 18), (41088, 16), (1017209, 18), (41088, 16)
2021-07-29 08:10:20,763 - root - INFO - Before, (1017209, 23), (41088, 20)
2021-07-29 08:10:20,976 - root - INFO - After, (1017209, 18), (41088, 16), (1017209, 18), (41088, 16)
2021-07-29 08:10:54,589 - root - INFO - Before, (1017209, 23), (41088, 20)
2021-07-29 08:10:54,774 - root - INFO - After, (1017209, 18), (41088, 16)
2021-07-29 08:30:20,052 - root - INFO - Before, (1017209, 23), (41088, 20)
2021-07-29 08:30:20,231 - root - INFO - After, (1017209, 18), (41088, 16)
2021-07-29 08:31:06,709 - root - INFO - Before, (1017209, 23), (41088, 20)
2021-07-29 08:31:07,154 - root - INFO - After, (1017209, 18), (41088, 16)
2021-07-29 08:34:19,027 - root - INFO - Before, (1017209, 23), (41088, 20)
2021-07-29 08:34:19,357 - root - INFO - After, (1017209, 18), (41088, 16)
2021-07-29 08:35:47,230 - root - INFO - Before, (1017209, 23), (41088, 20)
2021-07-29 08:35:47,447 - root - INFO - After, (1017209, 18), (41088, 16)
